<?xml version="1.0" encoding="UTF-8"?>
<testng-results skipped="0" failed="0" ignored="0" total="1" passed="1">
  <reporter-output>
  </reporter-output>
  <suite name="Default suite" duration-ms="27016" started-at="2018-06-10T11:02:13Z" finished-at="2018-06-10T11:02:40Z">
    <groups>
    </groups>
    <test name="Default test" duration-ms="27016" started-at="2018-06-10T11:02:13Z" finished-at="2018-06-10T11:02:40Z">
      <class name="grid.CrystalCruises">
        <test-method status="PASS" signature="crystalCruises()[pri:0, instance:grid.CrystalCruises@67ae56]" name="crystalCruises" duration-ms="26888" started-at="2018-06-10T11:02:13Z" finished-at="2018-06-10T11:02:40Z">
          <reporter-output>
          </reporter-output>
        </test-method> <!-- crystalCruises -->
      </class> <!-- grid.CrystalCruises -->
    </test> <!-- Default test -->
  </suite> <!-- Default suite -->
</testng-results>
